Start testing: May 01 16:12 EDT
----------------------------------------------------------
1/20 Testing: iodaconv_lib-python_coding_norms
1/20 Test: iodaconv_lib-python_coding_norms
Command: "/scratch2/NCEPDEV/marineda/Youlong.Xia/save/ioda-converters/bulid1/bin/iodaconv_lint.sh" "/scratch2/NCEPDEV/marineda/Youlong.Xia/save/ioda-converters/src/lib-python" "/scratch2/NCEPDEV/marineda/Youlong.Xia/save/ioda-converters"
Directory: /scratch2/NCEPDEV/marineda/Youlong.Xia/save/ioda-converters/bulid1/src/lib-python
"iodaconv_lib-python_coding_norms" start time: May 01 16:12 EDT
Output:
----------------------------------------------------------
+ SRC_DIR=/scratch2/NCEPDEV/marineda/Youlong.Xia/save/ioda-converters/src/lib-python
+ PYCODESTYLE_CFG_PATH=/scratch2/NCEPDEV/marineda/Youlong.Xia/save/ioda-converters
+ cd /scratch2/NCEPDEV/marineda/Youlong.Xia/save/ioda-converters/src/lib-python
+ pycodestyle -v --config=/scratch2/NCEPDEV/marineda/Youlong.Xia/save/ioda-converters/.pycodestyle '--filename=*.py,*.py.in' .
cli configuration: /scratch2/NCEPDEV/marineda/Youlong.Xia/save/ioda-converters/.pycodestyle
directory .
checking ./collect_sources.py
checking ./ioda_conv_ncio.py
checking ./ioda_conv_util.py
checking ./orddicts.py
checking ./read_cryosat_L2.py
checking ./run-mccabe.py.in
checking ./run-pyflakes.py.in
<end of output>
Test time =   1.79 sec
----------------------------------------------------------
Test Passed.
"iodaconv_lib-python_coding_norms" end time: May 01 16:12 EDT
"iodaconv_lib-python_coding_norms" time elapsed: 00:00:01
----------------------------------------------------------

2/20 Testing: iodaconv_gsi-ncdiag_coding_norms
2/20 Test: iodaconv_gsi-ncdiag_coding_norms
Command: "/scratch2/NCEPDEV/marineda/Youlong.Xia/save/ioda-converters/bulid1/bin/iodaconv_lint.sh" "/scratch2/NCEPDEV/marineda/Youlong.Xia/save/ioda-converters/src/gsi-ncdiag" "/scratch2/NCEPDEV/marineda/Youlong.Xia/save/ioda-converters"
Directory: /scratch2/NCEPDEV/marineda/Youlong.Xia/save/ioda-converters/bulid1/src/gsi-ncdiag
"iodaconv_gsi-ncdiag_coding_norms" start time: May 01 16:12 EDT
Output:
----------------------------------------------------------
+ SRC_DIR=/scratch2/NCEPDEV/marineda/Youlong.Xia/save/ioda-converters/src/gsi-ncdiag
+ PYCODESTYLE_CFG_PATH=/scratch2/NCEPDEV/marineda/Youlong.Xia/save/ioda-converters
+ cd /scratch2/NCEPDEV/marineda/Youlong.Xia/save/ioda-converters/src/gsi-ncdiag
+ pycodestyle -v --config=/scratch2/NCEPDEV/marineda/Youlong.Xia/save/ioda-converters/.pycodestyle '--filename=*.py,*.py.in' .
cli configuration: /scratch2/NCEPDEV/marineda/Youlong.Xia/save/ioda-converters/.pycodestyle
directory .
checking ./combine_conv.py
checking ./gsi_ncdiag.py
checking ./proc_gsi_ncdiag.py
checking ./subset_files.py
checking ./test_gsidiag.py
<end of output>
Test time =   0.67 sec
----------------------------------------------------------
Test Passed.
"iodaconv_gsi-ncdiag_coding_norms" end time: May 01 16:12 EDT
"iodaconv_gsi-ncdiag_coding_norms" time elapsed: 00:00:00
----------------------------------------------------------

3/20 Testing: iodaconv_marine_coding_norms
3/20 Test: iodaconv_marine_coding_norms
Command: "/scratch2/NCEPDEV/marineda/Youlong.Xia/save/ioda-converters/bulid1/bin/iodaconv_lint.sh" "/scratch2/NCEPDEV/marineda/Youlong.Xia/save/ioda-converters/src/marine" "/scratch2/NCEPDEV/marineda/Youlong.Xia/save/ioda-converters"
Directory: /scratch2/NCEPDEV/marineda/Youlong.Xia/save/ioda-converters/bulid1/src/marine
"iodaconv_marine_coding_norms" start time: May 01 16:12 EDT
Output:
----------------------------------------------------------
+ SRC_DIR=/scratch2/NCEPDEV/marineda/Youlong.Xia/save/ioda-converters/src/marine
+ PYCODESTYLE_CFG_PATH=/scratch2/NCEPDEV/marineda/Youlong.Xia/save/ioda-converters
+ cd /scratch2/NCEPDEV/marineda/Youlong.Xia/save/ioda-converters/src/marine
+ pycodestyle -v --config=/scratch2/NCEPDEV/marineda/Youlong.Xia/save/ioda-converters/.pycodestyle '--filename=*.py,*.py.in' .
cli configuration: /scratch2/NCEPDEV/marineda/Youlong.Xia/save/ioda-converters/.pycodestyle
directory .
checking ./argoClim2ioda.py.in
checking ./cryosat_ice2ioda.py.in
checking ./cryosat_ice2ioda_DBL.py.in
checking ./emc_ice2ioda.py.in
checking ./gds2_sst2ioda.py.in
checking ./gmao_obs2ioda.py.in
checking ./godae_profile2ioda.py.in
checking ./godae_ship2ioda.py.in
checking ./godae_trak2ioda.py.in
checking ./hgodas_adt2ioda.py.in
checking ./hgodas_insitu2ioda.py.in
checking ./hgodas_sst2ioda.py.in
checking ./rads_adt2ioda.py.in
checking ./smap_sss2ioda.py.in
<end of output>
Test time =   0.64 sec
----------------------------------------------------------
Test Passed.
"iodaconv_marine_coding_norms" end time: May 01 16:12 EDT
"iodaconv_marine_coding_norms" time elapsed: 00:00:00
----------------------------------------------------------

4/20 Testing: iodaconv_ncep_coding_norms
4/20 Test: iodaconv_ncep_coding_norms
Command: "/scratch2/NCEPDEV/marineda/Youlong.Xia/save/ioda-converters/bulid1/bin/iodaconv_lint.sh" "/scratch2/NCEPDEV/marineda/Youlong.Xia/save/ioda-converters/src/ncep" "/scratch2/NCEPDEV/marineda/Youlong.Xia/save/ioda-converters"
Directory: /scratch2/NCEPDEV/marineda/Youlong.Xia/save/ioda-converters/bulid1/src/ncep
"iodaconv_ncep_coding_norms" start time: May 01 16:12 EDT
Output:
----------------------------------------------------------
+ SRC_DIR=/scratch2/NCEPDEV/marineda/Youlong.Xia/save/ioda-converters/src/ncep
+ PYCODESTYLE_CFG_PATH=/scratch2/NCEPDEV/marineda/Youlong.Xia/save/ioda-converters
+ cd /scratch2/NCEPDEV/marineda/Youlong.Xia/save/ioda-converters/src/ncep
+ pycodestyle -v --config=/scratch2/NCEPDEV/marineda/Youlong.Xia/save/ioda-converters/.pycodestyle '--filename=*.py,*.py.in' .
cli configuration: /scratch2/NCEPDEV/marineda/Youlong.Xia/save/ioda-converters/.pycodestyle
directory .
checking ./bufr2nc.py.in
checking ./bufr2ncCommon.py
checking ./bufr2ncObsTypes.py
checking ./ncep_classes.py.in
<end of output>
Test time =   0.59 sec
----------------------------------------------------------
Test Passed.
"iodaconv_ncep_coding_norms" end time: May 01 16:12 EDT
"iodaconv_ncep_coding_norms" time elapsed: 00:00:00
----------------------------------------------------------

5/20 Testing: iodaconv_wrfda-ncdiag_coding_norms
5/20 Test: iodaconv_wrfda-ncdiag_coding_norms
Command: "/scratch2/NCEPDEV/marineda/Youlong.Xia/save/ioda-converters/bulid1/bin/iodaconv_lint.sh" "/scratch2/NCEPDEV/marineda/Youlong.Xia/save/ioda-converters/src/wrfda-ncdiag" "/scratch2/NCEPDEV/marineda/Youlong.Xia/save/ioda-converters"
Directory: /scratch2/NCEPDEV/marineda/Youlong.Xia/save/ioda-converters/bulid1/src/wrfda-ncdiag
"iodaconv_wrfda-ncdiag_coding_norms" start time: May 01 16:12 EDT
Output:
----------------------------------------------------------
+ SRC_DIR=/scratch2/NCEPDEV/marineda/Youlong.Xia/save/ioda-converters/src/wrfda-ncdiag
+ PYCODESTYLE_CFG_PATH=/scratch2/NCEPDEV/marineda/Youlong.Xia/save/ioda-converters
+ cd /scratch2/NCEPDEV/marineda/Youlong.Xia/save/ioda-converters/src/wrfda-ncdiag
+ pycodestyle -v --config=/scratch2/NCEPDEV/marineda/Youlong.Xia/save/ioda-converters/.pycodestyle '--filename=*.py,*.py.in' .
cli configuration: /scratch2/NCEPDEV/marineda/Youlong.Xia/save/ioda-converters/.pycodestyle
directory .
checking ./proc_wrfda_ncdiag.py.in
checking ./test_wrfdadiag.py.in
checking ./wrfda_ncdiag.py
<end of output>
Test time =   0.41 sec
----------------------------------------------------------
Test Passed.
"iodaconv_wrfda-ncdiag_coding_norms" end time: May 01 16:12 EDT
"iodaconv_wrfda-ncdiag_coding_norms" time elapsed: 00:00:00
----------------------------------------------------------

6/20 Testing: test_iodaconv_gds2_sst_l2p
6/20 Test: test_iodaconv_gds2_sst_l2p
Command: "/scratch2/NCEPDEV/marineda/Youlong.Xia/save/ioda-converters/bulid1/test/iodaconv_comp.sh" "netcdf" "/scratch2/NCEPDEV/marineda/Youlong.Xia/save/ioda-converters/bulid1/bin/gds2_sst2ioda.py
                       -i testinput/gds2_sst_l2p.nc
                       -o testrun/gds2_sst_l2p.nc
                       -d 2018041512
                       -t 0.5" "gds2_sst_l2p.nc"
Directory: /scratch2/NCEPDEV/marineda/Youlong.Xia/save/ioda-converters/bulid1/test
"test_iodaconv_gds2_sst_l2p" start time: May 01 16:12 EDT
Output:
----------------------------------------------------------
Reading  testinput/gds2_sst_l2p.nc
<end of output>
Test time =   3.79 sec
----------------------------------------------------------
Test Passed.
"test_iodaconv_gds2_sst_l2p" end time: May 01 16:12 EDT
"test_iodaconv_gds2_sst_l2p" time elapsed: 00:00:03
----------------------------------------------------------

7/20 Testing: test_iodaconv_gds2_sst_l3u
7/20 Test: test_iodaconv_gds2_sst_l3u
Command: "/scratch2/NCEPDEV/marineda/Youlong.Xia/save/ioda-converters/bulid1/test/iodaconv_comp.sh" "netcdf" "/scratch2/NCEPDEV/marineda/Youlong.Xia/save/ioda-converters/bulid1/bin/gds2_sst2ioda.py
                       -i testinput/gds2_sst_l3u.nc
                       -o testrun/gds2_sst_l3u.nc
                       -d 2018041512
                       -t 0.5" "gds2_sst_l3u.nc"
Directory: /scratch2/NCEPDEV/marineda/Youlong.Xia/save/ioda-converters/bulid1/test
"test_iodaconv_gds2_sst_l3u" start time: May 01 16:12 EDT
Output:
----------------------------------------------------------
Reading  testinput/gds2_sst_l3u.nc
<end of output>
Test time =   0.47 sec
----------------------------------------------------------
Test Passed.
"test_iodaconv_gds2_sst_l3u" end time: May 01 16:12 EDT
"test_iodaconv_gds2_sst_l3u" time elapsed: 00:00:00
----------------------------------------------------------

8/20 Testing: test_iodaconv_smap_sss
8/20 Test: test_iodaconv_smap_sss
Command: "/scratch2/NCEPDEV/marineda/Youlong.Xia/save/ioda-converters/bulid1/test/iodaconv_comp.sh" "netcdf" "/scratch2/NCEPDEV/marineda/Youlong.Xia/save/ioda-converters/bulid1/bin/smap_sss2ioda.py
                       -i testinput/smap_sss_rss.nc
                       -o testrun/smap_sss_rss.nc
                       -d 2018041512" "smap_sss_rss.nc"
Directory: /scratch2/NCEPDEV/marineda/Youlong.Xia/save/ioda-converters/bulid1/test
"test_iodaconv_smap_sss" start time: May 01 16:12 EDT
Output:
----------------------------------------------------------
<end of output>
Test time =   0.38 sec
----------------------------------------------------------
Test Passed.
"test_iodaconv_smap_sss" end time: May 01 16:12 EDT
"test_iodaconv_smap_sss" time elapsed: 00:00:00
----------------------------------------------------------

9/20 Testing: test_iodaconv_rads_adt
9/20 Test: test_iodaconv_rads_adt
Command: "/scratch2/NCEPDEV/marineda/Youlong.Xia/save/ioda-converters/bulid1/test/iodaconv_comp.sh" "netcdf" "/scratch2/NCEPDEV/marineda/Youlong.Xia/save/ioda-converters/bulid1/bin/rads_adt2ioda.py
                       -i testinput/rads_adt.nc
                       -o testrun/rads_adt.nc
                       -d 2018041512" "rads_adt.nc"
Directory: /scratch2/NCEPDEV/marineda/Youlong.Xia/save/ioda-converters/bulid1/test
"test_iodaconv_rads_adt" start time: May 01 16:12 EDT
Output:
----------------------------------------------------------
<end of output>
Test time =   0.34 sec
----------------------------------------------------------
Test Passed.
"test_iodaconv_rads_adt" end time: May 01 16:12 EDT
"test_iodaconv_rads_adt" time elapsed: 00:00:00
----------------------------------------------------------

10/20 Testing: test_iodaconv_godae_prof
10/20 Test: test_iodaconv_godae_prof
Command: "/scratch2/NCEPDEV/marineda/Youlong.Xia/save/ioda-converters/bulid1/test/iodaconv_comp.sh" "netcdf" "/scratch2/NCEPDEV/marineda/Youlong.Xia/save/ioda-converters/bulid1/bin/godae_profile2ioda.py
                       -i testinput/godae_prof.bin
                       -o testrun/godae_prof.nc
                       -d 1998092212" "godae_prof.nc"
Directory: /scratch2/NCEPDEV/marineda/Youlong.Xia/save/ioda-converters/bulid1/test
"test_iodaconv_godae_prof" start time: May 01 16:12 EDT
Output:
----------------------------------------------------------
    number profiles: 16
  max number levels: 31
file version number: 1
<end of output>
Test time =   1.10 sec
----------------------------------------------------------
Test Passed.
"test_iodaconv_godae_prof" end time: May 01 16:12 EDT
"test_iodaconv_godae_prof" time elapsed: 00:00:01
----------------------------------------------------------

11/20 Testing: test_iodaconv_godae_ship
11/20 Test: test_iodaconv_godae_ship
Command: "/scratch2/NCEPDEV/marineda/Youlong.Xia/save/ioda-converters/bulid1/test/iodaconv_comp.sh" "netcdf" "/scratch2/NCEPDEV/marineda/Youlong.Xia/save/ioda-converters/bulid1/bin/godae_ship2ioda.py
                       -i testinput/godae_ship.bin
                       -o testrun/godae_ship.nc
                       -d 1998090112" "godae_ship.nc"
Directory: /scratch2/NCEPDEV/marineda/Youlong.Xia/save/ioda-converters/bulid1/test
"test_iodaconv_godae_ship" start time: May 01 16:12 EDT
Output:
----------------------------------------------------------
    number ship obs: 1085
  max number levels: 1
file version number: 1
verify ob_sign for version = 1
<end of output>
Test time =   0.43 sec
----------------------------------------------------------
Test Passed.
"test_iodaconv_godae_ship" end time: May 01 16:12 EDT
"test_iodaconv_godae_ship" time elapsed: 00:00:00
----------------------------------------------------------

12/20 Testing: test_iodaconv_godae_trak
12/20 Test: test_iodaconv_godae_trak
Command: "/scratch2/NCEPDEV/marineda/Youlong.Xia/save/ioda-converters/bulid1/test/iodaconv_comp.sh" "netcdf" "/scratch2/NCEPDEV/marineda/Youlong.Xia/save/ioda-converters/bulid1/bin/godae_trak2ioda.py
                       -i testinput/godae_trak.bin
                       -o testrun/godae_trak.nc
                       -d 2004070812" "godae_trak.nc"
Directory: /scratch2/NCEPDEV/marineda/Youlong.Xia/save/ioda-converters/bulid1/test
"test_iodaconv_godae_trak" start time: May 01 16:12 EDT
Output:
----------------------------------------------------------
    number trak obs: 62
  max number levels: 1
file version number: 1
<end of output>
Test time =   0.38 sec
----------------------------------------------------------
Test Passed.
"test_iodaconv_godae_trak" end time: May 01 16:12 EDT
"test_iodaconv_godae_trak" time elapsed: 00:00:00
----------------------------------------------------------

13/20 Testing: test_iodaconv_hgodas_insitu
13/20 Test: test_iodaconv_hgodas_insitu
Command: "/scratch2/NCEPDEV/marineda/Youlong.Xia/save/ioda-converters/bulid1/test/iodaconv_comp.sh" "netcdf" "/scratch2/NCEPDEV/marineda/Youlong.Xia/save/ioda-converters/bulid1/bin/hgodas_insitu2ioda.py
                       -i testinput/hgodas_insitu.nc
                       -o testrun/hgodas_insitu.nc
                       -d 2018041512" "hgodas_insitu.nc"
Directory: /scratch2/NCEPDEV/marineda/Youlong.Xia/save/ioda-converters/bulid1/test
"test_iodaconv_hgodas_insitu" start time: May 01 16:12 EDT
Output:
----------------------------------------------------------
<end of output>
Test time =   0.29 sec
----------------------------------------------------------
Test Passed.
"test_iodaconv_hgodas_insitu" end time: May 01 16:12 EDT
"test_iodaconv_hgodas_insitu" time elapsed: 00:00:00
----------------------------------------------------------

14/20 Testing: test_iodaconv_hgodas_sst
14/20 Test: test_iodaconv_hgodas_sst
Command: "/scratch2/NCEPDEV/marineda/Youlong.Xia/save/ioda-converters/bulid1/test/iodaconv_comp.sh" "netcdf" "/scratch2/NCEPDEV/marineda/Youlong.Xia/save/ioda-converters/bulid1/bin/hgodas_sst2ioda.py
                       -i testinput/hgodas_sst.nc
                       -o testrun/hgodas_sst.nc
                       -d 2018041512" "hgodas_sst.nc"
Directory: /scratch2/NCEPDEV/marineda/Youlong.Xia/save/ioda-converters/bulid1/test
"test_iodaconv_hgodas_sst" start time: May 01 16:12 EDT
Output:
----------------------------------------------------------
<end of output>
Test time =   0.31 sec
----------------------------------------------------------
Test Passed.
"test_iodaconv_hgodas_sst" end time: May 01 16:12 EDT
"test_iodaconv_hgodas_sst" time elapsed: 00:00:00
----------------------------------------------------------

15/20 Testing: test_iodaconv_argoclim
15/20 Test: test_iodaconv_argoclim
Command: "/scratch2/NCEPDEV/marineda/Youlong.Xia/save/ioda-converters/bulid1/test/iodaconv_comp.sh" "netcdf" "/scratch2/NCEPDEV/marineda/Youlong.Xia/save/ioda-converters/bulid1/bin/argoClim2ioda.py
                       -i testinput/argoclim_test.nc
                       -o testrun/argoclim.nc
                       -d 2019101600" "argoclim.nc"
Directory: /scratch2/NCEPDEV/marineda/Youlong.Xia/save/ioda-converters/bulid1/test
"test_iodaconv_argoclim" start time: May 01 16:12 EDT
Output:
----------------------------------------------------------
testinput/argoclim_test.nc contains the variable: TEMPERATURE
<end of output>
Test time =   0.33 sec
----------------------------------------------------------
Test Passed.
"test_iodaconv_argoclim" end time: May 01 16:12 EDT
"test_iodaconv_argoclim" time elapsed: 00:00:00
----------------------------------------------------------

16/20 Testing: test_iodaconv_cryosat2
16/20 Test: test_iodaconv_cryosat2
Command: "/scratch2/NCEPDEV/marineda/Youlong.Xia/save/ioda-converters/bulid1/test/iodaconv_comp.sh" "netcdf" "/scratch2/NCEPDEV/marineda/Youlong.Xia/save/ioda-converters/bulid1/bin/cryosat_ice2ioda.py
                       -i testinput/cryosat2_L2_test.nc
                       -o testrun/cryosat2_L2.nc
                       -d 2019092112" "cryosat2_L2.nc"
Directory: /scratch2/NCEPDEV/marineda/Youlong.Xia/save/ioda-converters/bulid1/test
"test_iodaconv_cryosat2" start time: May 01 16:12 EDT
Output:
----------------------------------------------------------
2019-09-21 12:00:00
<end of output>
Test time =   0.53 sec
----------------------------------------------------------
Test Passed.
"test_iodaconv_cryosat2" end time: May 01 16:12 EDT
"test_iodaconv_cryosat2" time elapsed: 00:00:00
----------------------------------------------------------

17/20 Testing: test_iodaconv_cryosat2_DBL
17/20 Test: test_iodaconv_cryosat2_DBL
Command: "/scratch2/NCEPDEV/marineda/Youlong.Xia/save/ioda-converters/bulid1/test/iodaconv_comp.sh" "netcdf" "/scratch2/NCEPDEV/marineda/Youlong.Xia/save/ioda-converters/bulid1/bin/cryosat_ice2ioda_DBL.py
                       -i testinput/CS_OFFL_SIR_GDR_2__20160229T132459_20160229T150412_C001.DBL
                       -o testrun/cryosat2_L2_DBL.nc
                       -d 2016022912" "cryosat2_L2_DBL.nc"
Directory: /scratch2/NCEPDEV/marineda/Youlong.Xia/save/ioda-converters/bulid1/test
"test_iodaconv_cryosat2_DBL" start time: May 01 16:12 EDT
Output:
----------------------------------------------------------
<end of output>
Test time =  13.83 sec
----------------------------------------------------------
Test Passed.
"test_iodaconv_cryosat2_DBL" end time: May 01 16:12 EDT
"test_iodaconv_cryosat2_DBL" time elapsed: 00:00:13
----------------------------------------------------------

18/20 Testing: test_iodaconv_gsidiag_conv
18/20 Test: test_iodaconv_gsidiag_conv
Command: "/scratch2/NCEPDEV/marineda/Youlong.Xia/save/ioda-converters/bulid1/test/iodaconv_comp.sh" "netcdf" "/scratch2/NCEPDEV/marineda/Youlong.Xia/save/ioda-converters/bulid1/bin/test_gsidiag.py
                       -i testinput/gsidiag_conv_t_sfc_test.nc
                       -o testrun/
                       -t conv
                       -p sfc" "sfc_tv_obs_2018041500.nc4"
Directory: /scratch2/NCEPDEV/marineda/Youlong.Xia/save/ioda-converters/bulid1/test
"test_iodaconv_gsidiag_conv" start time: May 01 16:12 EDT
Output:
----------------------------------------------------------
Platform:sfc Var:tv #Obs:39
ProcessedL 39 Conventional obs processed to: testrun//sfc_tv_obs_2018041500.nc4
Platform:sfc Var:tsen #Obs:1
ProcessedL 1 Conventional obs processed to: testrun//sfc_tsen_obs_2018041500.nc4
<end of output>
Test time =   0.33 sec
----------------------------------------------------------
Test Passed.
"test_iodaconv_gsidiag_conv" end time: May 01 16:12 EDT
"test_iodaconv_gsidiag_conv" time elapsed: 00:00:00
----------------------------------------------------------

19/20 Testing: test_iodaconv_gsidiag_rad
19/20 Test: test_iodaconv_gsidiag_rad
Command: "/scratch2/NCEPDEV/marineda/Youlong.Xia/save/ioda-converters/bulid1/test/iodaconv_comp.sh" "netcdf" "/scratch2/NCEPDEV/marineda/Youlong.Xia/save/ioda-converters/bulid1/bin/test_gsidiag.py
                       -i testinput/gsidiag_amsua_aqua_radiance_test.nc
                       -o testrun/
                       -t rad" "amsua_aqua_obs_2018041500.nc4"
Directory: /scratch2/NCEPDEV/marineda/Youlong.Xia/save/ioda-converters/bulid1/test
"test_iodaconv_gsidiag_rad" start time: May 01 16:12 EDT
Output:
----------------------------------------------------------
Input Parameters: ObsBias=None QCVars=None TestRefs=None
Satellite radiance obs processed, wrote to: testrun//amsua_aqua_obs_2018041500.nc4
<end of output>
Test time =   0.47 sec
----------------------------------------------------------
Test Passed.
"test_iodaconv_gsidiag_rad" end time: May 01 16:12 EDT
"test_iodaconv_gsidiag_rad" time elapsed: 00:00:00
----------------------------------------------------------

20/20 Testing: test_iodaconv_wrfdadiag_rad
20/20 Test: test_iodaconv_wrfdadiag_rad
Command: "/scratch2/NCEPDEV/marineda/Youlong.Xia/save/ioda-converters/bulid1/test/iodaconv_comp.sh" "netcdf" "/scratch2/NCEPDEV/marineda/Youlong.Xia/save/ioda-converters/bulid1/bin/test_wrfdadiag.py
                       -i testinput/wrfdadiags_goes-16-abi_2018041500.nc
                       -o testrun/
                       -t rad" "abi_g16_obs_2018041500.nc4"
Directory: /scratch2/NCEPDEV/marineda/Youlong.Xia/save/ioda-converters/bulid1/test
"test_iodaconv_wrfdadiag_rad" start time: May 01 16:12 EDT
Output:
----------------------------------------------------------
Satellite radiance obs processed, wrote to:
testrun//abi_g16_obs_2018041500.nc4
<end of output>
Test time =   0.32 sec
----------------------------------------------------------
Test Passed.
"test_iodaconv_wrfdadiag_rad" end time: May 01 16:12 EDT
"test_iodaconv_wrfdadiag_rad" time elapsed: 00:00:00
----------------------------------------------------------

End testing: May 01 16:12 EDT

iodaconv =  27.39 sec*proc

script =  27.39 sec*proc

